<?xml version="1.0" encoding="UTF-8"?>
<testng-results ignored="0" total="1" passed="1" failed="0" skipped="0">
  <reporter-output>
  </reporter-output>
  <suite started-at="2022-07-22T00:08:45 MSK" name="Surefire suite" finished-at="2022-07-22T00:08:45 MSK" duration-ms="47">
    <groups>
    </groups>
    <test started-at="2022-07-22T00:08:45 MSK" name="Surefire test" finished-at="2022-07-22T00:08:45 MSK" duration-ms="47">
      <class name="ru.skillfactory.qajava.maven.PersonTest">
        <test-method is-config="true" signature="beforeClass()[pri:0, instance:ru.skillfactory.qajava.maven.PersonTest@1060b431]" started-at="2022-07-22T00:08:45 MSK" name="beforeClass" finished-at="2022-07-22T00:08:45 MSK" duration-ms="15" status="PASS">
          <reporter-output>
          </reporter-output>
        </test-method> <!-- beforeClass -->
        <test-method signature="isTeenager()[pri:0, instance:ru.skillfactory.qajava.maven.PersonTest@1060b431]" started-at="2022-07-22T00:08:45 MSK" name="isTeenager" finished-at="2022-07-22T00:08:45 MSK" duration-ms="0" status="PASS">
          <reporter-output>
          </reporter-output>
        </test-method> <!-- isTeenager -->
        <test-method is-config="true" signature="afterClass()[pri:0, instance:ru.skillfactory.qajava.maven.PersonTest@1060b431]" started-at="2022-07-22T00:08:45 MSK" name="afterClass" finished-at="2022-07-22T00:08:45 MSK" duration-ms="0" status="PASS">
          <reporter-output>
          </reporter-output>
        </test-method> <!-- afterClass -->
      </class> <!-- ru.skillfactory.qajava.maven.PersonTest -->
    </test> <!-- Surefire test -->
  </suite> <!-- Surefire suite -->
</testng-results>
